## PostgreSQL bitmap scan的IO放大的原理解释和优化  
                             
### 作者                             
digoal                             
                             
### 日期                             
2018-01-19                            
                             
### 标签                             
PostgreSQL , bitmap scan , io 放大 , cpu 放大 , recheck , 数据聚集    
                             
----                             
                             
## 背景   
PostgreSQL 支持9种索引接口：  
  
[《PostgreSQL 9种索引的原理和应用场景》](../201706/20170627_01.md)    
  
每一种索引的结构，适合的数据类型，适合的查询场景都不一样。  
  
对于多值类型（例如 K-V，数组、全文检索 类型），我们可以选择GIN倒排索引接口，GIN使用的扫描方法是bitmap scan的扫描方法。  
  
实际上PostgreSQL常用的数据扫描方法包括：  
  
- seq scan，全表扫描  
  
- index scan，索引扫描（需要回表）  
  
- index only scan，索引扫描（通过VM减少回表，大多数情况下，不需要回表）  
  
- bitmap scan，先扫索引，然后按HEAP BLOCK ID扫描HEAP BLOCK。输出整个数据块的数据，因此需要recheck。  
  
bitmap scan的特性，决定了它可能存在放大(因为一个BLOCK里面哪怕只有一条记录是复合条件的，也会返回整个BLOCK)。  
  
## bitmap scan IO,CPU放大例子  
  
1、新建测试表  
  
```  
create table test(id int, arr int[]);  
```  
  
2、写入测试数据  
  
```  
create or replace function gen_arr(int,int) returns int[] as $$  
  select array(select ($1*random())::int from generate_series(1,$2));  
$$ language sql strict;  
  
postgres=# select gen_arr(100,10);  
            gen_arr              
-------------------------------  
 {5,71,91,23,95,81,98,12,33,2}  
(1 row)  
  
insert into test select id, gen_arr(1000, 10) from generate_series(1,1000000) t(id);  
```  
  
  
3、创建索引  
  
```  
create index idx_test_1 on test using gin (arr);  
```  
  
4、查询，分析  
  
```  
postgres=# explain (analyze,verbose,timing,costs,buffers) select * from test where arr && array[1,2,3];  
                                                          QUERY PLAN                                                             
-------------------------------------------------------------------------------------------------------------------------------  
 Bitmap Heap Scan on public.test  (cost=808.96..13148.92 rows=23402 width=36) (actual time=14.295..52.321 rows=29605 loops=1)  
   Output: id, arr  
   Recheck Cond: (test.arr && '{1,2,3}'::integer[])  
   Heap Blocks: exact=11240  
   Buffers: shared hit=11764  
   ->  Bitmap Index Scan on idx_test_1  (cost=0.00..803.11 rows=23402 width=0) (actual time=12.816..12.816 rows=29605 loops=1)  
         Index Cond: (test.arr && '{1,2,3}'::integer[])  
         Buffers: shared hit=524  
 Planning time: 0.314 ms  
 Execution time: 54.896 ms  
(10 rows)  
```  
  
包含1或2或3的数据，总共2.9万条，搜索了11240个HEAP BLOCK。  
  
那么我们看看一个BLOCK可以存储多少数据？  
  
```  
postgres=# analyze test;  
ANALYZE  
postgres=# select reltuples/relpages from pg_class where relname='test';  
     ?column?       
------------------  
 80.9978940547546  
(1 row)  
```  
  
可以存下81条，意味着实际上29605条记录应该只需要365个数据块就可以放下。  
  
但是由于这些目标记录没有密集存储，导致了IO的放大。  
  
那么如何解决这个问题呢？  
  
## bitmap scan IO,cpu放大问题优化  
  
1、聚集存储  
  
实现方法很多，这里有一些例子：  
  
[《PostgreSQL 黑科技 - 空间聚集存储, 内窥GIN, GiST, SP-GiST索引》](../201709/20170905_01.md)    
  
[《PostgreSQL GIN 单列聚集索引 应用》](../201702/20170221_01.md)    
  
[《PostgreSQL 聚集存储 与 BRIN索引 - 高并发行为、轨迹类大吞吐数据查询场景解说》](../201702/20170219_01.md)    
  
[《K-Means 数据聚集算法》](../201508/20150817_01.md)    
  
我们可以看看聚集带来的效果：  
  
```  
-- 重组数据  
postgres=# with tmp as (delete from test where ctid = any(array(select ctid from test where arr && array[1,2,3])) returning *) insert into test select * from tmp;  
INSERT 0 29605  
  
-- 再次查询  
postgres=# vacuum test;  
VACUUM  
postgres=# explain (analyze,verbose,timing,costs,buffers) select * from test where arr && array[1,2,3];  
                                                         QUERY PLAN                                                            
-----------------------------------------------------------------------------------------------------------------------------  
 Bitmap Heap Scan on public.test  (cost=247.16..13321.03 rows=28950 width=65) (actual time=3.459..8.248 rows=29605 loops=1)  
   Output: id, arr  
   Recheck Cond: (test.arr && '{1,2,3}'::integer[])  
   Heap Blocks: exact=367  
   Buffers: shared hit=389  
   ->  Bitmap Index Scan on idx_test_1  (cost=0.00..239.92 rows=28950 width=0) (actual time=3.411..3.411 rows=29605 loops=1)  
         Index Cond: (test.arr && '{1,2,3}'::integer[])  
         Buffers: shared hit=22  
 Planning time: 0.145 ms  
 Execution time: 10.991 ms  
(10 rows)  
```  
  
现在只访问了367个HEAP数据块。完全避免了IO放大的问题。  
  
实际情况，可以根据业务喜好来聚集。  
  
## 参考  
[《PostgreSQL 黑科技 - 空间聚集存储, 内窥GIN, GiST, SP-GiST索引》](../201709/20170905_01.md)    
  
[《PostgreSQL GIN 单列聚集索引 应用》](../201702/20170221_01.md)    
  
[《PostgreSQL 聚集存储 与 BRIN索引 - 高并发行为、轨迹类大吞吐数据查询场景解说》](../201702/20170219_01.md)    
  
[《K-Means 数据聚集算法》](../201508/20150817_01.md)    
  
[《PostgreSQL 9种索引的原理和应用场景》](../201706/20170627_01.md)    
  
<a rel="nofollow" href="http://info.flagcounter.com/h9V1"  ><img src="http://s03.flagcounter.com/count/h9V1/bg_FFFFFF/txt_000000/border_CCCCCC/columns_2/maxflags_12/viewers_0/labels_0/pageviews_0/flags_0/"  alt="Flag Counter"  border="0"  ></a>  
  
  
  
  
  
  
## [digoal's 大量PostgreSQL文章入口](https://github.com/digoal/blog/blob/master/README.md "22709685feb7cab07d30f30387f0a9ae")
  
  
## [免费领取阿里云RDS PostgreSQL实例、ECS虚拟机](https://free.aliyun.com/ "57258f76c37864c6e6d23383d05714ea")
  
