## PostgreSQL 并行计算解说 之10 - parallel 自定义并行函数(UDF)    
                                                              
### 作者                                                              
digoal                                                              
                                                              
### 日期                                                              
2019-03-17                                                              
                                                              
### 标签                                                              
PostgreSQL , cpu 并行 , smp 并行 , 并行计算 , gpu 并行 , 并行过程支持                     
                                                          
----                                                        
                                                          
## 背景                        
PostgreSQL 11 优化器已经支持了非常多场合的并行。简单估计，已支持27余种场景的并行计算。                    
                    
```                    
parallel seq scan                    
                    
parallel index scan                    
                    
parallel index only scan                    
                    
parallel bitmap scan                    
                    
parallel filter                    
                
parallel hash agg                
                
parallel group agg                
                    
parallel cte                    
                    
parallel subquery                    
                    
parallel create table                    
                    
parallel create index                    
                    
parallel select into                    
                    
parallel CREATE MATERIALIZED VIEW                    
                    
parallel 排序 : gather merge                     
                    
parallel nestloop join                    
                    
parallel hash join                    
                    
parallel merge join                    
                    
parallel 自定义并行聚合                    
                    
parallel 自定义并行UDF                    
                    
parallel append                    
                    
parallel union                    
                    
parallel fdw table scan                    
                    
parallel partition join                    
                    
parallel partition agg                    
                    
parallel gather            
    
parallel gather merge    
                    
parallel rc 并行                    
                    
parallel rr 并行                    
                    
parallel GPU 并行                    
                    
parallel unlogged table                     
```                    
                    
接下来进行一一介绍。                    
                    
关键知识请先自行了解：                    
                    
1、优化器自动并行度算法 CBO                     
                    
[《PostgreSQL 9.6 并行计算 优化器算法浅析》](../201608/20160816_02.md)                      
                    
[《PostgreSQL 11 并行计算算法，参数，强制并行度设置》](../201812/20181218_01.md)                      
                    
## parallel 自定义并行函数(UDF)             
自定义并行函数(UDF)                
                    
数据量：10亿。          
                  
场景 | 数据量 | 关闭并行 | 开启并行 | 并行度 | 开启并行性能提升倍数                  
---|---|---|---|---|---                  
自定义并行函数(UDF) | 10 亿 | 456 秒 | 16.5 秒 | 30 | 27.6 倍          
  
UDF例子，取模，求绝对值。  
  
```  
create or replace function udf1(int4, int4) returns int4 as $$  
  select abs(mod($1,$2));  
$$ language sql strict parallel safe;  
```  
                    
### 1、关闭并行，耗时： 456.9 秒 , 456.3 秒。                  
                    
```  
postgres=# explain select abs(mod(i,10)),count(*) from table2 group by abs(mod(i,10));  
                                    QUERY PLAN                                      
----------------------------------------------------------------------------------  
 GroupAggregate  (cost=168911543.27..191411543.27 rows=1000000000 width=12)  
   Group Key: (abs(mod(i, 10)))  
   ->  Sort  (cost=168911543.27..171411543.27 rows=1000000000 width=4)  
         Sort Key: (abs(mod(i, 10)))  
         ->  Seq Scan on table2  (cost=0.00..19424779.00 rows=1000000000 width=4)  
(5 rows)  
  
postgres=# explain select udf1(i,10),count(*) from table2 group by udf1(i,10);  
                                    QUERY PLAN                                      
----------------------------------------------------------------------------------  
 GroupAggregate  (cost=168911543.27..191411543.27 rows=1000000000 width=12)  
   Group Key: (abs(mod(i, 10)))  
   ->  Sort  (cost=168911543.27..171411543.27 rows=1000000000 width=4)  
         Sort Key: (abs(mod(i, 10)))  
         ->  Seq Scan on table2  (cost=0.00..19424779.00 rows=1000000000 width=4)  
(5 rows)  
  
  
postgres=# select abs(mod(i,10)),count(*) from table2 group by abs(mod(i,10));  
 abs |   count     
-----+-----------  
   0 |  99996445  
   1 | 100000179  
   2 | 100000876  
   3 | 100012873  
   4 | 100009015  
   5 |  99999050  
   6 |  99992767  
   7 | 100000912  
   8 | 100009862  
   9 |  99978021  
(10 rows)  
  
Time: 456897.647 ms (07:36.898)  
  
postgres=# select udf1(i,10),count(*) from table2 group by udf1(i,10);  
 udf1 |   count     
------+-----------  
    0 |  99996445  
    1 | 100000179  
    2 | 100000876  
    3 | 100012873  
    4 | 100009015  
    5 |  99999050  
    6 |  99992767  
    7 | 100000912  
    8 | 100009862  
    9 |  99978021  
(10 rows)  
  
Time: 456254.222 ms (07:36.254)  
```  
                    
### 2、开启并行，耗时： 16.5 秒。          
  
```  
postgres=# explain select abs(mod(i,10)),count(*) from table2 group by abs(mod(i,10));  
                                             QUERY PLAN                                               
----------------------------------------------------------------------------------------------------  
 Finalize GroupAggregate  (cost=9089856.77..57110837.99 rows=1000000000 width=12)  
   Group Key: (abs(mod(i, 10)))  
   ->  Gather Merge  (cost=9089856.77..37110838.04 rows=999999990 width=12)  
         Workers Planned: 30  
         ->  Partial GroupAggregate  (cost=9089856.00..9839855.99 rows=33333333 width=12)  
               Group Key: (abs(mod(i, 10)))  
               ->  Sort  (cost=9089856.00..9173189.33 rows=33333333 width=4)  
                     Sort Key: (abs(mod(i, 10)))  
                     ->  Parallel Seq Scan on table2  (cost=0.00..4924779.00 rows=33333333 width=4)  
(9 rows)  
  
postgres=# explain select udf1(i,10),count(*) from table2 group by udf1(i,10);  
                                             QUERY PLAN                                               
----------------------------------------------------------------------------------------------------  
 Finalize GroupAggregate  (cost=9089856.77..57110837.99 rows=1000000000 width=12)  
   Group Key: (abs(mod(i, 10)))  
   ->  Gather Merge  (cost=9089856.77..37110838.04 rows=999999990 width=12)  
         Workers Planned: 30  
         ->  Partial GroupAggregate  (cost=9089856.00..9839855.99 rows=33333333 width=12)  
               Group Key: (abs(mod(i, 10)))  
               ->  Sort  (cost=9089856.00..9173189.33 rows=33333333 width=4)  
                     Sort Key: (abs(mod(i, 10)))  
                     ->  Parallel Seq Scan on table2  (cost=0.00..4924779.00 rows=33333333 width=4)  
(9 rows)  
  
  
postgres=# select abs(mod(i,10)),count(*) from table2 group by abs(mod(i,10));  
 abs |   count     
-----+-----------  
   0 |  99996445  
   1 | 100000179  
   2 | 100000876  
   3 | 100012873  
   4 | 100009015  
   5 |  99999050  
   6 |  99992767  
   7 | 100000912  
   8 | 100009862  
   9 |  99978021  
(10 rows)  
  
Time: 16500.058 ms (00:16.500)  
  
postgres=# select udf1(i,10),count(*) from table2 group by udf1(i,10);  
 udf1 |   count     
------+-----------  
    0 |  99996445  
    1 | 100000179  
    2 | 100000876  
    3 | 100012873  
    4 | 100009015  
    5 |  99999050  
    6 |  99992767  
    7 | 100000912  
    8 | 100009862  
    9 |  99978021  
(10 rows)  
  
Time: 16490.091 ms (00:16.490)  
```  
           
自定义函数的效率取决于自定义函数代码本身的效率，SQL语言写的自定义含效率比较低，建议使用C语言写这种需要进行大数据量运算的FUNCTION。    
           
## 其他知识                    
                    
1、优化器自动并行度算法 CBO                     
                    
[《PostgreSQL 9.6 并行计算 优化器算法浅析》](../201608/20160816_02.md)                      
                    
[《PostgreSQL 11 并行计算算法，参数，强制并行度设置》](../201812/20181218_01.md)                      
                    
2、function, op 识别是否支持parallel                    
                    
```                    
postgres=# select proparallel,proname from pg_proc;                    
 proparallel |                   proname                                        
-------------+----------------------------------------------                    
 s           | boolin                    
 s           | boolout                    
 s           | byteain                    
 s           | byteaout                    
```                    
                    
3、subquery mapreduce unlogged table                    
                    
对于一些情况，如果期望简化优化器对非常非常复杂的SQL并行优化的负担，可以自己将SQL拆成几段，中间结果使用unlogged table保存，类似mapreduce的思想。unlogged table同样支持parallel 计算。                    
                    
4、vacuum，垃圾回收并行。                    
                    
5、dblink 异步调用并行                    
                    
[《PostgreSQL VOPS 向量计算 + DBLINK异步并行 - 单实例 10亿 聚合计算跑进2秒》](../201802/20180210_01.md)                      
                    
[《PostgreSQL 相似搜索分布式架构设计与实践 - dblink异步调用与多机并行(远程 游标+记录 UDF实例)》](../201802/20180205_03.md)                      
                    
[《PostgreSQL dblink异步调用实现 并行hash分片JOIN - 含数据交、并、差 提速案例 - 含dblink VS pg 11 parallel hash join VS pg 11 智能分区JOIN》](../201802/20180201_02.md)                      
                    
暂时不允许并行的场景(将来PG会继续扩大支持范围)：                    
                    
1、修改行，锁行，除了create table as , select into, create mview这几个可以使用并行。                    
                    
2、query 会被中断时，例如cursor , loop in PL/SQL ，因为涉及到中间处理，所以不建议开启并行。                     
                    
3、paralle unsafe udf ，这种UDF不会并行                    
                    
4、嵌套并行(udf (内部query并行))，外部调用这个UDF的SQL不会并行。（主要是防止large parallel workers ）                    
                    
5、SSI 隔离级别                    
                    
## 参考                    
https://www.postgresql.org/docs/11/parallel-plans.html                    
                    
[《PostgreSQL 11 并行计算算法，参数，强制并行度设置》](../201812/20181218_01.md)                      
                    
[《PostgreSQL 11 preview - 并行计算 增强 汇总》](../201805/20180519_02.md)                      
                    
[《PostgreSQL 10 自定义并行计算聚合函数的原理与实践 - (含array_agg合并多个数组为单个一元数组的例子)》](../201801/20180119_04.md)                      
                    
[《PostgreSQL 9.6 并行计算 优化器算法浅析》](../201608/20160816_02.md)                      
                      
  
<a rel="nofollow" href="http://info.flagcounter.com/h9V1"  ><img src="http://s03.flagcounter.com/count/h9V1/bg_FFFFFF/txt_000000/border_CCCCCC/columns_2/maxflags_12/viewers_0/labels_0/pageviews_0/flags_0/"  alt="Flag Counter"  border="0"  ></a>  
  
  
## [digoal's 大量PostgreSQL文章入口](https://github.com/digoal/blog/blob/master/README.md "22709685feb7cab07d30f30387f0a9ae")
  
  
## [免费领取阿里云RDS PostgreSQL实例、ECS虚拟机](https://free.aliyun.com/ "57258f76c37864c6e6d23383d05714ea")
  
