## PostgreSQL 任意字段组合搜索 - rum 或 多字段 bitmapscan 对比  
    
### 作者    
digoal    
    
### 日期    
2020-05-20    
    
### 标签    
PostgreSQL , rum , 任意字段组合 , bitmapscan , btree  
    
----    
    
## 背景    
[《PostgreSQL 设计优化case - 大宽表任意字段组合查询索引如何选择(btree, gin, rum) - (含单个索引列数超过32列的方法)》](../201808/20180803_01.md)    
  
[《PostgreSQL ADHoc(任意字段组合)查询(rums索引加速) - 非字典化，普通、数组等组合字段生成新数组》](../201805/20180518_02.md)    
  
[《PostgreSQL ADHoc(任意字段组合)查询 与 字典化 (rum索引加速) - 实践与方案1》](../201802/20180228_01.md)    
  
当数据量特别大, 并且字段的数据非常倾斜时(如某个value的记录数特别特别多), 那么不适合用rum或gin这种索引, 因为rum,gin叶子节点里的ctid列表太长, 扫描一遍开销过大. 倾斜适合普通索引.  
  
1、离散值字段, 合起来放到一个rum里面.  
  
2、倾斜的字段使用普通btree  
  
3、或者每个字段都适用btree更加简单粗暴.  
  
## 例子  
  
```  
create table a (c1 int, c2 int, c3 int, c4 int, c5 int, c6 int, arr int[]);   
```  
  
写入倾斜数据:   
  
```  
insert into a select   
c1+10,c2+20,c3+30,c4+100,c5+200,c6+1000,   
array[c1+10,c2+20,c3+30,c4+100,c5+200,c6+1000]   
from   
(select random()*3 c1, random()*3 c2,   
  random()*3 c3, random()*10 c4, random()*100 c5,   
  random()*1000 c6 from generate_series(1,10000000)   
) t;   
```  
  
1、暴力, 创建每个字段的索引  
  
```  
create index idx_a_1 on a(c1);  
create index idx_a_2 on a(c2);  
create index idx_a_3 on a(c3);  
create index idx_a_4 on a(c4);  
create index idx_a_5 on a(c5);  
create index idx_a_6 on a(c6);  
```  
  
2、创建gin或rum的多字段数组组合索引  
  
```  
create index idx_a_7 on a using gin(arr);  
-- rum  
-- create index idx_a_7 on a using rum(arr);  
```  
  
3、性能测试:  
  
btree  
  
```  
postgres=> explain (analyze,verbose,timing,costs,buffers) select * from a where c1=11 and c2=21 limit 10;  
                                                             QUERY PLAN                                                                
-------------------------------------------------------------------------------------------------------------------------------------  
 Limit  (cost=0.43..2.25 rows=10 width=69) (actual time=0.018..0.024 rows=10 loops=1)  
   Output: c1, c2, c3, c4, c5, c6, arr  
   Buffers: shared hit=4  
   ->  Index Scan using idx_a_2 on public.a  (cost=0.43..205090.08 rows=1127377 width=69) (actual time=0.017..0.022 rows=10 loops=1)  
         Output: c1, c2, c3, c4, c5, c6, arr  
         Index Cond: (a.c2 = 21)  
         Filter: (a.c1 = 11)  
         Rows Removed by Filter: 17  
         Buffers: shared hit=4  
 Planning Time: 0.092 ms  
 Execution Time: 0.041 ms  
(11 rows)  
```  
  
gin  
  
```  
postgres=> explain (analyze,verbose,timing,costs,buffers) select * from a where arr @> array[11,21] limit 10;  
                                                               QUERY PLAN                                                                  
-----------------------------------------------------------------------------------------------------------------------------------------  
 Limit  (cost=9193.63..9195.57 rows=10 width=69) (actual time=316.770..316.785 rows=10 loops=1)  
   Output: c1, c2, c3, c4, c5, c6, arr  
   Buffers: shared hit=1217  
   ->  Bitmap Heap Scan on public.a  (cost=9193.63..228212.94 rows=1127371 width=69) (actual time=316.768..316.780 rows=10 loops=1)  
         Output: c1, c2, c3, c4, c5, c6, arr  
         Recheck Cond: (a.arr @> '{11,21}'::integer[])  
         Rows Removed by Index Recheck: 51  
         Heap Blocks: lossy=1  
         Buffers: shared hit=1217  
         ->  Bitmap Index Scan on idx_a_7  (cost=0.00..8911.79 rows=1127371 width=0) (actual time=307.286..307.286 rows=1112354 loops=1)  
               Index Cond: (a.arr @> '{11,21}'::integer[])  
               Buffers: shared hit=1216  
 Planning Time: 0.315 ms  
 Execution Time: 316.811 ms  
(14 rows)  
```  
  
rum  
  
```  
postgres=> explain (analyze,verbose,timing,costs,buffers) select * from a where arr @> array[11,21] limit 10;  
                                                                QUERY PLAN                                                                  
------------------------------------------------------------------------------------------------------------------------------------------  
 Limit  (cost=11.00..12.38 rows=10 width=69) (actual time=711.221..711.234 rows=10 loops=1)  
   Output: c1, c2, c3, c4, c5, c6, arr  
   Buffers: shared hit=5670, temp read=1 written=1633  
   ->  Index Scan using idx_a_7 on public.a  (cost=11.00..155997.10 rows=1127377 width=69) (actual time=711.220..711.230 rows=10 loops=1)  
         Output: c1, c2, c3, c4, c5, c6, arr  
         Index Cond: (a.arr @> '{11,21}'::integer[])  
         Buffers: shared hit=5670, temp read=1 written=1633  
 Planning Time: 0.196 ms  
 Execution Time: 714.722 ms  
(9 rows)  
```  
  
数据倾斜导致单个条件在gin和rum索引扫描的ctid list|tree太长, 性能下降.   
  
gin,rum适合数据较分散的case,  
  
  
所以这个例子, 倾斜数据太多, 建议数据有倾斜的使用普通btree index.   
  
另一个case， 利用rum add字段做排序， 同样limit也是在scan 完整个list后， 所以也是有性能问题的， 这个问题已经反馈给rum作者。  
  
```
postgres=> insert into test_rum_add select generate_series(1,10000000),  tsvector 'a b c', clock_timestamp();
INSERT 0 10000000
postgres=> create index idx_test_rum_add_1 on test_rum_add using rum (arr rum_tsvector_hash_addon_ops, ts) with (attach='ts', to='arr');
CREATE INDEX

postgres=> select * from test_rum_add where arr @@ 'a|b' order by ts <=> '2020-05-23' limit 10;
    id    |     arr     |             ts             
----------+-------------+----------------------------
 10000000 | 'a' 'b' 'c' | 2020-05-22 17:43:01.945628
  9999999 | 'a' 'b' 'c' | 2020-05-22 17:43:01.945628
  9999998 | 'a' 'b' 'c' | 2020-05-22 17:43:01.945627
  9999997 | 'a' 'b' 'c' | 2020-05-22 17:43:01.945627
  9999996 | 'a' 'b' 'c' | 2020-05-22 17:43:01.945626
  9999995 | 'a' 'b' 'c' | 2020-05-22 17:43:01.945625
  9999994 | 'a' 'b' 'c' | 2020-05-22 17:43:01.945624
  9999993 | 'a' 'b' 'c' | 2020-05-22 17:43:01.945624
  9999992 | 'a' 'b' 'c' | 2020-05-22 17:43:01.945623
  9999991 | 'a' 'b' 'c' | 2020-05-22 17:43:01.945623
(10 rows)

postgres=> explain (analyze,verbose,timing,costs,buffers) select * from test_rum_add where arr @@ 'a|b' order by ts <=> '2020-05-23' limit 10;
                                                                            QUERY PLAN                                                                             
-------------------------------------------------------------------------------------------------------------------------------------------------------------------
 Limit  (cost=13.20..13.51 rows=10 width=40) (actual time=6335.531..6335.539 rows=10 loops=1)
   Output: id, arr, ts, ((ts <=> '2020-05-23 00:00:00'::timestamp without time zone))
   Buffers: shared hit=28705, temp read=42536 written=67010
   ->  Index Scan using idx_test_rum_add_1 on public.test_rum_add  (cost=13.20..309926.60 rows=10000000 width=40) (actual time=6335.529..6335.534 rows=10 loops=1)
         Output: id, arr, ts, (ts <=> '2020-05-23 00:00:00'::timestamp without time zone)
         Index Cond: (test_rum_add.arr @@ '''a'' | ''b'''::tsquery)
         Order By: (test_rum_add.ts <=> '2020-05-23 00:00:00'::timestamp without time zone)
         Buffers: shared hit=28705, temp read=42536 written=67010
 Planning Time: 0.050 ms
 Execution Time: 6391.589 ms
(10 rows)


postgres=> explain (analyze,verbose,timing,costs,buffers) select * from test_rum_add where arr @@ 'a|b' limit 10;
                                                                            QUERY PLAN                                                                             
-------------------------------------------------------------------------------------------------------------------------------------------------------------------
 Limit  (cost=13.20..13.46 rows=10 width=32) (actual time=2380.119..2380.126 rows=10 loops=1)
   Output: id, arr, ts
   Buffers: shared hit=28706, temp read=1 written=14678
   ->  Index Scan using idx_test_rum_add_1 on public.test_rum_add  (cost=13.20..259926.60 rows=10000000 width=32) (actual time=2380.117..2380.122 rows=10 loops=1)
         Output: id, arr, ts
         Index Cond: (test_rum_add.arr @@ '''a'' | ''b'''::tsquery)
         Buffers: shared hit=28706, temp read=1 written=14678
 Planning Time: 0.072 ms
 Execution Time: 2414.058 ms
(9 rows)
```
  
## 参考  
[《PostgreSQL 设计优化case - 大宽表任意字段组合查询索引如何选择(btree, gin, rum) - (含单个索引列数超过32列的方法)》](../201808/20180803_01.md)    
  
[《PostgreSQL ADHoc(任意字段组合)查询(rums索引加速) - 非字典化，普通、数组等组合字段生成新数组》](../201805/20180518_02.md)    
  
[《PostgreSQL ADHoc(任意字段组合)查询 与 字典化 (rum索引加速) - 实践与方案1》](../201802/20180228_01.md)    
    
  
  
  
  
  
  
  
  
  
  
  
  
  
  
  
  
  
  
  
  
  
  
  
  
  
  
  
  
  
  
  
  
  
  
  
  
  
  
  
  
  
  
  
  
  
  
  
  
  
  
  
  
  
#### [PostgreSQL 许愿链接](https://github.com/digoal/blog/issues/76 "269ac3d1c492e938c0191101c7238216")
您的愿望将传达给PG kernel hacker、数据库厂商等, 帮助提高数据库产品质量和功能, 说不定下一个PG版本就有您提出的功能点. 针对非常好的提议，奖励限量版PG文化衫、纪念品、贴纸、PG热门书籍等，奖品丰富，快来许愿。[开不开森](https://github.com/digoal/blog/issues/76 "269ac3d1c492e938c0191101c7238216").  
  
  
#### [9.9元购买3个月阿里云RDS PostgreSQL实例](https://www.aliyun.com/database/postgresqlactivity "57258f76c37864c6e6d23383d05714ea")
  
  
#### [PostgreSQL 解决方案集合](https://yq.aliyun.com/topic/118 "40cff096e9ed7122c512b35d8561d9c8")
  
  
#### [德哥 / digoal's github - 公益是一辈子的事.](https://github.com/digoal/blog/blob/master/README.md "22709685feb7cab07d30f30387f0a9ae")
  
  
![digoal's wechat](../pic/digoal_weixin.jpg "f7ad92eeba24523fd47a6e1a0e691b59")
  
